# JRE version: OpenJDK Runtime Environment GraalVM CE 22.3.0 (17.0.5+8) (build 17.0.5+8-jvmci-22.3-b08)
# Java VM: OpenJDK 64-Bit Server VM GraalVM CE 22.3.0 (17.0.5+8-jvmci-22.3-b08, mixed mode, sharing, tiered, jvmci, jvmci compiler, compressed oops, compressed class ptrs, parallel gc, linux-amd64)
GC Precious Log:
 CPUs: 4 total, 1 available
 Memory: 1024M
 Large Page Support: Disabled
 NUMA Support: Disabled
 Compressed Oops: Enabled (32-bit)
 Alignments: Space 512K, Generation 512K, Heap 2M
 Heap Min Capacity: 100M
 Heap Initial Capacity: 100M
 Heap Max Capacity: 512M
 Pre-touch: Disabled
 Parallel Workers: 1
Heap:
 PSYoungGen      total 22528K, used 17407K [0x00000000f5580000, 0x00000000f7200000, 0x0000000100000000)
  eden space 17408K, 99% used [0x00000000f5580000,0x00000000f667fff8,0x00000000f6680000)
  from space 5120K, 0% used [0x00000000f6680000,0x00000000f6680000,0x00000000f6b80000)
  to   space 4608K, 0% used [0x00000000f6c00000,0x00000000f6c00000,0x00000000f7080000)
 ParOldGen       total 349696K, used 349695K [0x00000000e0000000, 0x00000000f5580000, 0x00000000f5580000)
  object space 349696K, 99% used [0x00000000e0000000,0x00000000f557fff0,0x00000000f5580000)
 Metaspace       used 60458K, committed 61504K, reserved 1105920K
  class space    used 5967K, committed 6464K, reserved 1048576K
GC Heap History (20 events):
Event: 754.745 GC heap before
{Heap before GC invocations=851 (full 760):
 PSYoungGen      total 22528K, used 17407K [0x00000000f5580000, 0x00000000f7200000, 0x0000000100000000)
  eden space 17408K, 99% used [0x00000000f5580000,0x00000000f667fff0,0x00000000f6680000)
  from space 5120K, 0% used [0x00000000f6680000,0x00000000f6680000,0x00000000f6b80000)
  to   space 4608K, 0% used [0x00000000f6c00000,0x00000000f6c00000,0x00000000f7080000)
 ParOldGen       total 349696K, used 349692K [0x00000000e0000000, 0x00000000f5580000, 0x00000000f5580000)
  object space 349696K, 99% used [0x00000000e0000000,0x00000000f557f290,0x00000000f5580000)
 Metaspace       used 60458K, committed 61504K, reserved 1105920K
  class space    used 5967K, committed 6464K, reserved 1048576K
}
Event: 755.665 GC heap after
{Heap after GC invocations=851 (full 760):
 PSYoungGen      total 22016K, used 17407K [0x00000000f5580000, 0x00000000f7200000, 0x0000000100000000)
  eden space 17408K, 99% used [0x00000000f5580000,0x00000000f667ffc0,0x00000000f6680000)
  from space 4608K, 0% used [0x00000000f6c00000,0x00000000f6c00000,0x00000000f7080000)
  to   space 5120K, 0% used [0x00000000f6680000,0x00000000f6680000,0x00000000f6b80000)
 ParOldGen       total 349696K, used 349692K [0x00000000e0000000, 0x00000000f5580000, 0x00000000f5580000)
  object space 349696K, 99% used [0x00000000e0000000,0x00000000f557f260,0x00000000f5580000)
 Metaspace       used 60458K, committed 61504K, reserved 1105920K
  class space    used 5967K, committed 6464K, reserved 1048576K
}
Event: 755.705 GC heap before
{Heap before GC invocations=852 (full 761):
 PSYoungGen      total 22016K, used 17408K [0x00000000f5580000, 0x00000000f7200000, 0x0000000100000000)
  eden space 17408K, 100% used [0x00000000f5580000,0x00000000f6680000,0x00000000f6680000)
  from space 4608K, 0% used [0x00000000f6c00000,0x00000000f6c00000,0x00000000f7080000)
  to   space 5120K, 0% used [0x00000000f6680000,0x00000000f6680000,0x00000000f6b80000)
 ParOldGen       total 349696K, used 349692K [0x00000000e0000000, 0x00000000f5580000, 0x00000000f5580000)
  object space 349696K, 99% used [0x00000000e0000000,0x00000000f557f260,0x00000000f5580000)
 Metaspace       used 60458K, committed 61504K, reserved 1105920K
  class space    used 5967K, committed 6464K, reserved 1048576K
}
Event: 756.637 GC heap after
{Heap after GC invocations=852 (full 761):
 PSYoungGen      total 22528K, used 17408K [0x00000000f5580000, 0x00000000f7200000, 0x0000000100000000)
  eden space 17408K, 100% used [0x00000000f5580000,0x00000000f6680000,0x00000000f6680000)
  from space 5120K, 0% used [0x00000000f6680000,0x00000000f6680000,0x00000000f6b80000)
  to   space 4608K, 0% used [0x00000000f6c00000,0x00000000f6c00000,0x00000000f7080000)
 ParOldGen       total 349696K, used 349692K [0x00000000e0000000, 0x00000000f5580000, 0x00000000f5580000)
  object space 349696K, 99% used [0x00000000e0000000,0x00000000f557f260,0x00000000f5580000)
 Metaspace       used 60458K, committed 61504K, reserved 1105920K
  class space    used 5967K, committed 6464K, reserved 1048576K
}
Event: 756.638 GC heap before
{Heap before GC invocations=853 (full 762):
 PSYoungGen      total 22528K, used 17408K [0x00000000f5580000, 0x00000000f7200000, 0x0000000100000000)
  eden space 17408K, 100% used [0x00000000f5580000,0x00000000f6680000,0x00000000f6680000)
  from space 5120K, 0% used [0x00000000f6680000,0x00000000f6680000,0x00000000f6b80000)
  to   space 4608K, 0% used [0x00000000f6c00000,0x00000000f6c00000,0x00000000f7080000)
 ParOldGen       total 349696K, used 349693K [0x00000000e0000000, 0x00000000f5580000, 0x00000000f5580000)
  object space 349696K, 99% used [0x00000000e0000000,0x00000000f557f680,0x00000000f5580000)
 Metaspace       used 60458K, committed 61504K, reserved 1105920K
  class space    used 5967K, committed 6464K, reserved 1048576K
}
Event: 757.503 GC heap after
{Heap after GC invocations=853 (full 762):
 PSYoungGen      total 22016K, used 17407K [0x00000000f5580000, 0x00000000f7200000, 0x0000000100000000)
  eden space 17408K, 99% used [0x00000000f5580000,0x00000000f667ffd0,0x00000000f6680000)
  from space 4608K, 0% used [0x00000000f6c00000,0x00000000f6c00000,0x00000000f7080000)
  to   space 5120K, 0% used [0x00000000f6680000,0x00000000f6680000,0x00000000f6b80000)
 ParOldGen       total 349696K, used 349693K [0x00000000e0000000, 0x00000000f5580000, 0x00000000f5580000)
  object space 349696K, 99% used [0x00000000e0000000,0x00000000f557f5b8,0x00000000f5580000)
 Metaspace       used 60458K, committed 61504K, reserved 1105920K
  class space    used 5967K, committed 6464K, reserved 1048576K
}
Event: 757.503 GC heap before
{Heap before GC invocations=854 (full 763):
 PSYoungGen      total 22016K, used 17407K [0x00000000f5580000, 0x00000000f7200000, 0x0000000100000000)
  eden space 17408K, 99% used [0x00000000f5580000,0x00000000f667ffd0,0x00000000f6680000)
  from space 4608K, 0% used [0x00000000f6c00000,0x00000000f6c00000,0x00000000f7080000)
  to   space 5120K, 0% used [0x00000000f6680000,0x00000000f6680000,0x00000000f6b80000)
 ParOldGen       total 349696K, used 349693K [0x00000000e0000000, 0x00000000f5580000, 0x00000000f5580000)
  object space 349696K, 99% used [0x00000000e0000000,0x00000000f557f5b8,0x00000000f5580000)
 Metaspace       used 60458K, committed 61504K, reserved 1105920K
  class space    used 5967K, committed 6464K, reserved 1048576K
}
Event: 758.245 GC heap after
{Heap after GC invocations=854 (full 763):
 PSYoungGen      total 22528K, used 17407K [0x00000000f5580000, 0x00000000f7200000, 0x0000000100000000)
  eden space 17408K, 99% used [0x00000000f5580000,0x00000000f667ffd0,0x00000000f6680000)
  from space 5120K, 0% used [0x00000000f6680000,0x00000000f6680000,0x00000000f6b80000)
  to   space 4608K, 0% used [0x00000000f6c00000,0x00000000f6c00000,0x00000000f7080000)
 ParOldGen       total 349696K, used 349693K [0x00000000e0000000, 0x00000000f5580000, 0x00000000f5580000)
  object space 349696K, 99% used [0x00000000e0000000,0x00000000f557f4d8,0x00000000f5580000)
 Metaspace       used 60458K, committed 61504K, reserved 1105920K
  class space    used 5967K, committed 6464K, reserved 1048576K
}
Event: 758.245 GC heap before
{Heap before GC invocations=855 (full 764):
 PSYoungGen      total 22528K, used 17408K [0x00000000f5580000, 0x00000000f7200000, 0x0000000100000000)
  eden space 17408K, 100% used [0x00000000f5580000,0x00000000f6680000,0x00000000f6680000)
  from space 5120K, 0% used [0x00000000f6680000,0x00000000f6680000,0x00000000f6b80000)
  to   space 4608K, 0% used [0x00000000f6c00000,0x00000000f6c00000,0x00000000f7080000)
 ParOldGen       total 349696K, used 349694K [0x00000000e0000000, 0x00000000f5580000, 0x00000000f5580000)
  object space 349696K, 99% used [0x00000000e0000000,0x00000000f557f9a0,0x00000000f5580000)
 Metaspace       used 60458K, committed 61504K, reserved 1105920K
  class space    used 5967K, committed 6464K, reserved 1048576K
}
Event: 759.027 GC heap after
{Heap after GC invocations=855 (full 764):
 PSYoungGen      total 22016K, used 17407K [0x00000000f5580000, 0x00000000f7200000, 0x0000000100000000)
  eden space 17408K, 99% used [0x00000000f5580000,0x00000000f667ffe0,0x00000000f6680000)
  from space 4608K, 0% used [0x00000000f6c00000,0x00000000f6c00000,0x00000000f7080000)
  to   space 5120K, 0% used [0x00000000f6680000,0x00000000f6680000,0x00000000f6b80000)
 ParOldGen       total 349696K, used 349693K [0x00000000e0000000, 0x00000000f5580000, 0x00000000f5580000)
  object space 349696K, 99% used [0x00000000e0000000,0x00000000f557f5f0,0x00000000f5580000)
 Metaspace       used 60458K, committed 61504K, reserved 1105920K
  class space    used 5967K, committed 6464K, reserved 1048576K
}
Event: 759.027 GC heap before
{Heap before GC invocations=856 (full 765):
 PSYoungGen      total 22016K, used 17408K [0x00000000f5580000, 0x00000000f7200000, 0x0000000100000000)
  eden space 17408K, 100% used [0x00000000f5580000,0x00000000f6680000,0x00000000f6680000)
  from space 4608K, 0% used [0x00000000f6c00000,0x00000000f6c00000,0x00000000f7080000)
  to   space 5120K, 0% used [0x00000000f6680000,0x00000000f6680000,0x00000000f6b80000)
 ParOldGen       total 349696K, used 349693K [0x00000000e0000000, 0x00000000f5580000, 0x00000000f5580000)
  object space 349696K, 99% used [0x00000000e0000000,0x00000000f557f5f0,0x00000000f5580000)
 Metaspace       used 60458K, committed 61504K, reserved 1105920K
  class space    used 5967K, committed 6464K, reserved 1048576K
}
Event: 759.746 GC heap after
{Heap after GC invocations=856 (full 765):
 PSYoungGen      total 22528K, used 17407K [0x00000000f5580000, 0x00000000f7200000, 0x0000000100000000)
  eden space 17408K, 99% used [0x00000000f5580000,0x00000000f667ffe0,0x00000000f6680000)
  from space 5120K, 0% used [0x00000000f6680000,0x00000000f6680000,0x00000000f6b80000)
  to   space 4608K, 0% used [0x00000000f6c00000,0x00000000f6c00000,0x00000000f7080000)
 ParOldGen       total 349696K, used 349693K [0x00000000e0000000, 0x00000000f5580000, 0x00000000f5580000)
  object space 349696K, 99% used [0x00000000e0000000,0x00000000f557f5f0,0x00000000f5580000)
 Metaspace       used 60458K, committed 61504K, reserved 1105920K
  class space    used 5967K, committed 6464K, reserved 1048576K
}
Event: 759.747 GC heap before
{Heap before GC invocations=857 (full 766):
 PSYoungGen      total 22528K, used 17407K [0x00000000f5580000, 0x00000000f7200000, 0x0000000100000000)
  eden space 17408K, 99% used [0x00000000f5580000,0x00000000f667fff8,0x00000000f6680000)
  from space 5120K, 0% used [0x00000000f6680000,0x00000000f6680000,0x00000000f6b80000)
  to   space 4608K, 0% used [0x00000000f6c00000,0x00000000f6c00000,0x00000000f7080000)
 ParOldGen       total 349696K, used 349695K [0x00000000e0000000, 0x00000000f5580000, 0x00000000f5580000)
  object space 349696K, 99% used [0x00000000e0000000,0x00000000f557fc38,0x00000000f5580000)
 Metaspace       used 60458K, committed 61504K, reserved 1105920K
  class space    used 5967K, committed 6464K, reserved 1048576K
}
Event: 760.530 GC heap after
{Heap after GC invocations=857 (full 766):
 PSYoungGen      total 22016K, used 17407K [0x00000000f5580000, 0x00000000f7200000, 0x0000000100000000)
  eden space 17408K, 99% used [0x00000000f5580000,0x00000000f667ff98,0x00000000f6680000)
  from space 4608K, 0% used [0x00000000f6c00000,0x00000000f6c00000,0x00000000f7080000)
  to   space 5120K, 0% used [0x00000000f6680000,0x00000000f6680000,0x00000000f6b80000)
 ParOldGen       total 349696K, used 349694K [0x00000000e0000000, 0x00000000f5580000, 0x00000000f5580000)
  object space 349696K, 99% used [0x00000000e0000000,0x00000000f557f9a0,0x00000000f5580000)
 Metaspace       used 60458K, committed 61504K, reserved 1105920K
  class space    used 5967K, committed 6464K, reserved 1048576K
}
Event: 760.530 GC heap before
{Heap before GC invocations=858 (full 767):
 PSYoungGen      total 22016K, used 17407K [0x00000000f5580000, 0x00000000f7200000, 0x0000000100000000)
  eden space 17408K, 99% used [0x00000000f5580000,0x00000000f667fff8,0x00000000f6680000)
  from space 4608K, 0% used [0x00000000f6c00000,0x00000000f6c00000,0x00000000f7080000)
  to   space 5120K, 0% used [0x00000000f6680000,0x00000000f6680000,0x00000000f6b80000)
 ParOldGen       total 349696K, used 349694K [0x00000000e0000000, 0x00000000f5580000, 0x00000000f5580000)
  object space 349696K, 99% used [0x00000000e0000000,0x00000000f557f9a0,0x00000000f5580000)
 Metaspace       used 60458K, committed 61504K, reserved 1105920K
  class space    used 5967K, committed 6464K, reserved 1048576K
}
Event: 761.338 GC heap after
{Heap after GC invocations=858 (full 767):
 PSYoungGen      total 22528K, used 17407K [0x00000000f5580000, 0x00000000f7200000, 0x0000000100000000)
  eden space 17408K, 99% used [0x00000000f5580000,0x00000000f667ff98,0x00000000f6680000)
  from space 5120K, 0% used [0x00000000f6680000,0x00000000f6680000,0x00000000f6b80000)
  to   space 4608K, 0% used [0x00000000f6c00000,0x00000000f6c00000,0x00000000f7080000)
 ParOldGen       total 349696K, used 349694K [0x00000000e0000000, 0x00000000f5580000, 0x00000000f5580000)
  object space 349696K, 99% used [0x00000000e0000000,0x00000000f557f9a0,0x00000000f5580000)
 Metaspace       used 60458K, committed 61504K, reserved 1105920K
  class space    used 5967K, committed 6464K, reserved 1048576K
}
Event: 761.338 GC heap before
{Heap before GC invocations=859 (full 768):
 PSYoungGen      total 22528K, used 17408K [0x00000000f5580000, 0x00000000f7200000, 0x0000000100000000)
  eden space 17408K, 100% used [0x00000000f5580000,0x00000000f6680000,0x00000000f6680000)
  from space 5120K, 0% used [0x00000000f6680000,0x00000000f6680000,0x00000000f6b80000)
  to   space 4608K, 0% used [0x00000000f6c00000,0x00000000f6c00000,0x00000000f7080000)
 ParOldGen       total 349696K, used 349694K [0x00000000e0000000, 0x00000000f5580000, 0x00000000f5580000)
  object space 349696K, 99% used [0x00000000e0000000,0x00000000f557f9a0,0x00000000f5580000)
 Metaspace       used 60458K, committed 61504K, reserved 1105920K
  class space    used 5967K, committed 6464K, reserved 1048576K
}
Event: 762.141 GC heap after
{Heap after GC invocations=859 (full 768):
 PSYoungGen      total 22016K, used 17407K [0x00000000f5580000, 0x00000000f7200000, 0x0000000100000000)
  eden space 17408K, 99% used [0x00000000f5580000,0x00000000f667ffb0,0x00000000f6680000)
  from space 4608K, 0% used [0x00000000f6c00000,0x00000000f6c00000,0x00000000f7080000)
  to   space 5120K, 0% used [0x00000000f6680000,0x00000000f6680000,0x00000000f6b80000)
 ParOldGen       total 349696K, used 349694K [0x00000000e0000000, 0x00000000f5580000, 0x00000000f5580000)
  object space 349696K, 99% used [0x00000000e0000000,0x00000000f557f9a0,0x00000000f5580000)
 Metaspace       used 60458K, committed 61504K, reserved 1105920K
  class space    used 5967K, committed 6464K, reserved 1048576K
}
Event: 762.141 GC heap before
{Heap before GC invocations=860 (full 769):
 PSYoungGen      total 22016K, used 17407K [0x00000000f5580000, 0x00000000f7200000, 0x0000000100000000)
  eden space 17408K, 99% used [0x00000000f5580000,0x00000000f667ffb0,0x00000000f6680000)
  from space 4608K, 0% used [0x00000000f6c00000,0x00000000f6c00000,0x00000000f7080000)
  to   space 5120K, 0% used [0x00000000f6680000,0x00000000f6680000,0x00000000f6b80000)
 ParOldGen       total 349696K, used 349694K [0x00000000e0000000, 0x00000000f5580000, 0x00000000f5580000)
  object space 349696K, 99% used [0x00000000e0000000,0x00000000f557f9a0,0x00000000f5580000)
 Metaspace       used 60458K, committed 61504K, reserved 1105920K
  class space    used 5967K, committed 6464K, reserved 1048576K
}
Event: 763.109 GC heap after
{Heap after GC invocations=860 (full 769):
 PSYoungGen      total 22528K, used 17407K [0x00000000f5580000, 0x00000000f7200000, 0x0000000100000000)
  eden space 17408K, 99% used [0x00000000f5580000,0x00000000f667ffb0,0x00000000f6680000)
  from space 5120K, 0% used [0x00000000f6680000,0x00000000f6680000,0x00000000f6b80000)
  to   space 4608K, 0% used [0x00000000f6c00000,0x00000000f6c00000,0x00000000f7080000)
 ParOldGen       total 349696K, used 349694K [0x00000000e0000000, 0x00000000f5580000, 0x00000000f5580000)
  object space 349696K, 99% used [0x00000000e0000000,0x00000000f557f9a0,0x00000000f5580000)
 Metaspace       used 60458K, committed 61504K, reserved 1105920K
  class space    used 5967K, committed 6464K, reserved 1048576K
}

